2025-11-06 16:31:01,808 - httpx - INFO - HTTP Request: POST https://api.telegram.org/bot8449508190:AAEz7J1fULcdRSlq7btjqBpMBRkKV0vostY/getMe "HTTP/1.1 200 OK"
2025-11-06 16:31:01,922 - httpx - INFO - HTTP Request: POST https://api.telegram.org/bot8449508190:AAEz7J1fULcdRSlq7btjqBpMBRkKV0vostY/deleteWebhook "HTTP/1.1 200 OK"
2025-11-06 16:31:01,925 - telegram.ext.Application - INFO - Application started
2025-11-06 16:31:12,294 - httpx - INFO - HTTP Request: POST https://api.telegram.org/bot8449508190:AAEz7J1fULcdRSlq7btjqBpMBRkKV0vostY/getUpdates "HTTP/1.1 200 OK"
2025-11-06 16:31:22,404 - httpx - INFO - HTTP Request: POST https://api.telegram.org/bot8449508190:AAEz7J1fULcdRSlq7btjqBpMBRkKV0vostY/getUpdates "HTTP/1.1 200 OK"
2025-11-06 16:31:32,509 - httpx - INFO - HTTP Request: POST https://api.telegram.org/bot8449508190:AAEz7J1fULcdRSlq7btjqBpMBRkKV0vostY/getUpdates "HTTP/1.1 200 OK"
2025-11-06 16:31:42,614 - httpx - INFO - HTTP Request: POST https://api.telegram.org/bot8449508190:AAEz7J1fULcdRSlq7btjqBpMBRkKV0vostY/getUpdates "HTTP/1.1 200 OK"
2025-11-06 16:31:48,612 - httpx - INFO - HTTP Request: POST https://api.telegram.org/bot8449508190:AAEz7J1fULcdRSlq7btjqBpMBRkKV0vostY/getUpdates "HTTP/1.1 409 Conflict"
2025-11-06 16:31:48,613 - telegram.ext.Updater - ERROR - Error while getting Updates: Conflict: terminated by other getUpdates request; make sure that only one bot instance is running
2025-11-06 16:31:48,614 - telegram.ext.Application - ERROR - No error handlers are registered, logging exception.
Traceback (most recent call last):
  File "/home/login/Downloads/Annon/.venv/lib/python3.13/site-packages/telegram/ext/_updater.py", line 629, in _network_loop_retry
    if not await action_cb():
           ^^^^^^^^^^^^^^^^^
  File "/home/login/Downloads/Annon/.venv/lib/python3.13/site-packages/telegram/ext/_updater.py", line 334, in polling_action_cb
    raise exc
  File "/home/login/Downloads/Annon/.venv/lib/python3.13/site-packages/telegram/ext/_updater.py", line 323, in polling_action_cb
    updates = await self.bot.get_updates(
              ^^^^^^^^^^^^^^^^^^^^^^^^^^^
    ...<7 lines>...
    )
    ^
  File "/home/login/Downloads/Annon/.venv/lib/python3.13/site-packages/telegram/ext/_extbot.py", line 553, in get_updates
    updates = await super().get_updates(
              ^^^^^^^^^^^^^^^^^^^^^^^^^^
    ...<9 lines>...
    )
    ^
  File "/home/login/Downloads/Annon/.venv/lib/python3.13/site-packages/telegram/_bot.py", line 394, in decorator
    result = await func(self, *args, **kwargs)  # skipcq: PYL-E1102
             ^^^^^^^^^^^^^^^^^^^^^^^^^^^^^^^^^
  File "/home/login/Downloads/Annon/.venv/lib/python3.13/site-packages/telegram/_bot.py", line 3542, in get_updates
    await self._post(
    ^^^^^^^^^^^^^^^^^
    ...<7 lines>...
    ),
    ^
  File "/home/login/Downloads/Annon/.venv/lib/python3.13/site-packages/telegram/_bot.py", line 482, in _post
    return await self._do_post(
           ^^^^^^^^^^^^^^^^^^^^
    ...<6 lines>...
    )
    ^
  File "/home/login/Downloads/Annon/.venv/lib/python3.13/site-packages/telegram/ext/_extbot.py", line 335, in _do_post
    return await super()._do_post(
           ^^^^^^^^^^^^^^^^^^^^^^^
    ...<6 lines>...
    )
    ^
  File "/home/login/Downloads/Annon/.venv/lib/python3.13/site-packages/telegram/_bot.py", line 510, in _do_post
    return await request.post(
           ^^^^^^^^^^^^^^^^^^^
    ...<6 lines>...
    )
    ^
  File "/home/login/Downloads/Annon/.venv/lib/python3.13/site-packages/telegram/request/_baserequest.py", line 168, in post
    result = await self._request_wrapper(
             ^^^^^^^^^^^^^^^^^^^^^^^^^^^^
    ...<7 lines>...
    )
    ^
  File "/home/login/Downloads/Annon/.venv/lib/python3.13/site-packages/telegram/request/_baserequest.py", line 327, in _request_wrapper
    raise Conflict(message)
telegram.error.Conflict: Conflict: terminated by other getUpdates request; make sure that only one bot instance is running
2025-11-06 16:31:53,830 - httpx - INFO - HTTP Request: POST https://api.telegram.org/bot8449508190:AAEz7J1fULcdRSlq7btjqBpMBRkKV0vostY/getUpdates "HTTP/1.1 409 Conflict"
2025-11-06 16:31:53,830 - telegram.ext.Updater - ERROR - Error while getting Updates: Conflict: terminated by other getUpdates request; make sure that only one bot instance is running
2025-11-06 16:31:53,831 - telegram.ext.Application - ERROR - No error handlers are registered, logging exception.
Traceback (most recent call last):
  File "/home/login/Downloads/Annon/.venv/lib/python3.13/site-packages/telegram/ext/_updater.py", line 629, in _network_loop_retry
    if not await action_cb():
           ^^^^^^^^^^^^^^^^^
  File "/home/login/Downloads/Annon/.venv/lib/python3.13/site-packages/telegram/ext/_updater.py", line 334, in polling_action_cb
    raise exc
  File "/home/login/Downloads/Annon/.venv/lib/python3.13/site-packages/telegram/ext/_updater.py", line 323, in polling_action_cb
    updates = await self.bot.get_updates(
              ^^^^^^^^^^^^^^^^^^^^^^^^^^^
    ...<7 lines>...
    )
    ^
  File "/home/login/Downloads/Annon/.venv/lib/python3.13/site-packages/telegram/ext/_extbot.py", line 553, in get_updates
    updates = await super().get_updates(
              ^^^^^^^^^^^^^^^^^^^^^^^^^^
    ...<9 lines>...
    )
    ^
  File "/home/login/Downloads/Annon/.venv/lib/python3.13/site-packages/telegram/_bot.py", line 394, in decorator
    result = await func(self, *args, **kwargs)  # skipcq: PYL-E1102
             ^^^^^^^^^^^^^^^^^^^^^^^^^^^^^^^^^
  File "/home/login/Downloads/Annon/.venv/lib/python3.13/site-packages/telegram/_bot.py", line 3542, in get_updates
    await self._post(
    ^^^^^^^^^^^^^^^^^
    ...<7 lines>...
    ),
    ^
  File "/home/login/Downloads/Annon/.venv/lib/python3.13/site-packages/telegram/_bot.py", line 482, in _post
    return await self._do_post(
           ^^^^^^^^^^^^^^^^^^^^
    ...<6 lines>...
    )
    ^
  File "/home/login/Downloads/Annon/.venv/lib/python3.13/site-packages/telegram/ext/_extbot.py", line 335, in _do_post
    return await super()._do_post(
           ^^^^^^^^^^^^^^^^^^^^^^^
    ...<6 lines>...
    )
    ^
  File "/home/login/Downloads/Annon/.venv/lib/python3.13/site-packages/telegram/_bot.py", line 510, in _do_post
    return await request.post(
           ^^^^^^^^^^^^^^^^^^^
    ...<6 lines>...
    )
    ^
  File "/home/login/Downloads/Annon/.venv/lib/python3.13/site-packages/telegram/request/_baserequest.py", line 168, in post
    result = await self._request_wrapper(
             ^^^^^^^^^^^^^^^^^^^^^^^^^^^^
    ...<7 lines>...
    )
    ^
  File "/home/login/Downloads/Annon/.venv/lib/python3.13/site-packages/telegram/request/_baserequest.py", line 327, in _request_wrapper
    raise Conflict(message)
telegram.error.Conflict: Conflict: terminated by other getUpdates request; make sure that only one bot instance is running
2025-11-06 16:32:00,049 - httpx - INFO - HTTP Request: POST https://api.telegram.org/bot8449508190:AAEz7J1fULcdRSlq7btjqBpMBRkKV0vostY/getUpdates "HTTP/1.1 409 Conflict"
2025-11-06 16:32:00,051 - telegram.ext.Updater - ERROR - Error while getting Updates: Conflict: terminated by other getUpdates request; make sure that only one bot instance is running
2025-11-06 16:32:00,052 - telegram.ext.Application - ERROR - No error handlers are registered, logging exception.
Traceback (most recent call last):
  File "/home/login/Downloads/Annon/.venv/lib/python3.13/site-packages/telegram/ext/_updater.py", line 629, in _network_loop_retry
    if not await action_cb():
           ^^^^^^^^^^^^^^^^^
  File "/home/login/Downloads/Annon/.venv/lib/python3.13/site-packages/telegram/ext/_updater.py", line 334, in polling_action_cb
    raise exc
  File "/home/login/Downloads/Annon/.venv/lib/python3.13/site-packages/telegram/ext/_updater.py", line 323, in polling_action_cb
    updates = await self.bot.get_updates(
              ^^^^^^^^^^^^^^^^^^^^^^^^^^^
    ...<7 lines>...
    )
    ^
  File "/home/login/Downloads/Annon/.venv/lib/python3.13/site-packages/telegram/ext/_extbot.py", line 553, in get_updates
    updates = await super().get_updates(
              ^^^^^^^^^^^^^^^^^^^^^^^^^^
    ...<9 lines>...
    )
    ^
  File "/home/login/Downloads/Annon/.venv/lib/python3.13/site-packages/telegram/_bot.py", line 394, in decorator
    result = await func(self, *args, **kwargs)  # skipcq: PYL-E1102
             ^^^^^^^^^^^^^^^^^^^^^^^^^^^^^^^^^
  File "/home/login/Downloads/Annon/.venv/lib/python3.13/site-packages/telegram/_bot.py", line 3542, in get_updates
    await self._post(
    ^^^^^^^^^^^^^^^^^
    ...<7 lines>...
    ),
    ^
  File "/home/login/Downloads/Annon/.venv/lib/python3.13/site-packages/telegram/_bot.py", line 482, in _post
    return await self._do_post(
           ^^^^^^^^^^^^^^^^^^^^
    ...<6 lines>...
    )
    ^
  File "/home/login/Downloads/Annon/.venv/lib/python3.13/site-packages/telegram/ext/_extbot.py", line 335, in _do_post
    return await super()._do_post(
           ^^^^^^^^^^^^^^^^^^^^^^^
    ...<6 lines>...
    )
    ^
  File "/home/login/Downloads/Annon/.venv/lib/python3.13/site-packages/telegram/_bot.py", line 510, in _do_post
    return await request.post(
           ^^^^^^^^^^^^^^^^^^^
    ...<6 lines>...
    )
    ^
  File "/home/login/Downloads/Annon/.venv/lib/python3.13/site-packages/telegram/request/_baserequest.py", line 168, in post
    result = await self._request_wrapper(
             ^^^^^^^^^^^^^^^^^^^^^^^^^^^^
    ...<7 lines>...
    )
    ^
  File "/home/login/Downloads/Annon/.venv/lib/python3.13/site-packages/telegram/request/_baserequest.py", line 327, in _request_wrapper
    raise Conflict(message)
telegram.error.Conflict: Conflict: terminated by other getUpdates request; make sure that only one bot instance is running
2025-11-06 16:32:12,410 - httpx - INFO - HTTP Request: POST https://api.telegram.org/bot8449508190:AAEz7J1fULcdRSlq7btjqBpMBRkKV0vostY/getUpdates "HTTP/1.1 200 OK"
2025-11-06 16:32:22,520 - httpx - INFO - HTTP Request: POST https://api.telegram.org/bot8449508190:AAEz7J1fULcdRSlq7btjqBpMBRkKV0vostY/getUpdates "HTTP/1.1 200 OK"
2025-11-06 16:32:32,626 - httpx - INFO - HTTP Request: POST https://api.telegram.org/bot8449508190:AAEz7J1fULcdRSlq7btjqBpMBRkKV0vostY/getUpdates "HTTP/1.1 200 OK"
2025-11-06 16:32:42,733 - httpx - INFO - HTTP Request: POST https://api.telegram.org/bot8449508190:AAEz7J1fULcdRSlq7btjqBpMBRkKV0vostY/getUpdates "HTTP/1.1 200 OK"
2025-11-06 16:32:52,839 - httpx - INFO - HTTP Request: POST https://api.telegram.org/bot8449508190:AAEz7J1fULcdRSlq7btjqBpMBRkKV0vostY/getUpdates "HTTP/1.1 200 OK"
2025-11-06 16:33:02,944 - httpx - INFO - HTTP Request: POST https://api.telegram.org/bot8449508190:AAEz7J1fULcdRSlq7btjqBpMBRkKV0vostY/getUpdates "HTTP/1.1 200 OK"
2025-11-06 16:33:13,052 - httpx - INFO - HTTP Request: POST https://api.telegram.org/bot8449508190:AAEz7J1fULcdRSlq7btjqBpMBRkKV0vostY/getUpdates "HTTP/1.1 200 OK"
2025-11-06 16:33:23,160 - httpx - INFO - HTTP Request: POST https://api.telegram.org/bot8449508190:AAEz7J1fULcdRSlq7btjqBpMBRkKV0vostY/getUpdates "HTTP/1.1 200 OK"
2025-11-06 16:33:33,267 - httpx - INFO - HTTP Request: POST https://api.telegram.org/bot8449508190:AAEz7J1fULcdRSlq7btjqBpMBRkKV0vostY/getUpdates "HTTP/1.1 200 OK"
2025-11-06 16:33:43,379 - httpx - INFO - HTTP Request: POST https://api.telegram.org/bot8449508190:AAEz7J1fULcdRSlq7btjqBpMBRkKV0vostY/getUpdates "HTTP/1.1 200 OK"
2025-11-06 16:33:53,487 - httpx - INFO - HTTP Request: POST https://api.telegram.org/bot8449508190:AAEz7J1fULcdRSlq7btjqBpMBRkKV0vostY/getUpdates "HTTP/1.1 200 OK"
2025-11-06 16:34:03,600 - httpx - INFO - HTTP Request: POST https://api.telegram.org/bot8449508190:AAEz7J1fULcdRSlq7btjqBpMBRkKV0vostY/getUpdates "HTTP/1.1 200 OK"
2025-11-06 16:34:13,709 - httpx - INFO - HTTP Request: POST https://api.telegram.org/bot8449508190:AAEz7J1fULcdRSlq7btjqBpMBRkKV0vostY/getUpdates "HTTP/1.1 200 OK"
2025-11-06 16:34:23,816 - httpx - INFO - HTTP Request: POST https://api.telegram.org/bot8449508190:AAEz7J1fULcdRSlq7btjqBpMBRkKV0vostY/getUpdates "HTTP/1.1 200 OK"
2025-11-06 16:34:33,925 - httpx - INFO - HTTP Request: POST https://api.telegram.org/bot8449508190:AAEz7J1fULcdRSlq7btjqBpMBRkKV0vostY/getUpdates "HTTP/1.1 200 OK"
2025-11-06 16:34:44,032 - httpx - INFO - HTTP Request: POST https://api.telegram.org/bot8449508190:AAEz7J1fULcdRSlq7btjqBpMBRkKV0vostY/getUpdates "HTTP/1.1 200 OK"
2025-11-06 16:34:54,137 - httpx - INFO - HTTP Request: POST https://api.telegram.org/bot8449508190:AAEz7J1fULcdRSlq7btjqBpMBRkKV0vostY/getUpdates "HTTP/1.1 200 OK"
2025-11-06 16:35:04,268 - httpx - INFO - HTTP Request: POST https://api.telegram.org/bot8449508190:AAEz7J1fULcdRSlq7btjqBpMBRkKV0vostY/getUpdates "HTTP/1.1 200 OK"
2025-11-06 16:35:14,378 - httpx - INFO - HTTP Request: POST https://api.telegram.org/bot8449508190:AAEz7J1fULcdRSlq7btjqBpMBRkKV0vostY/getUpdates "HTTP/1.1 200 OK"
2025-11-06 16:35:24,488 - httpx - INFO - HTTP Request: POST https://api.telegram.org/bot8449508190:AAEz7J1fULcdRSlq7btjqBpMBRkKV0vostY/getUpdates "HTTP/1.1 200 OK"
2025-11-06 16:35:34,593 - httpx - INFO - HTTP Request: POST https://api.telegram.org/bot8449508190:AAEz7J1fULcdRSlq7btjqBpMBRkKV0vostY/getUpdates "HTTP/1.1 200 OK"
2025-11-06 16:35:44,701 - httpx - INFO - HTTP Request: POST https://api.telegram.org/bot8449508190:AAEz7J1fULcdRSlq7btjqBpMBRkKV0vostY/getUpdates "HTTP/1.1 200 OK"
2025-11-06 16:35:54,808 - httpx - INFO - HTTP Request: POST https://api.telegram.org/bot8449508190:AAEz7J1fULcdRSlq7btjqBpMBRkKV0vostY/getUpdates "HTTP/1.1 200 OK"
2025-11-06 16:36:04,918 - httpx - INFO - HTTP Request: POST https://api.telegram.org/bot8449508190:AAEz7J1fULcdRSlq7btjqBpMBRkKV0vostY/getUpdates "HTTP/1.1 200 OK"
2025-11-06 16:36:15,027 - httpx - INFO - HTTP Request: POST https://api.telegram.org/bot8449508190:AAEz7J1fULcdRSlq7btjqBpMBRkKV0vostY/getUpdates "HTTP/1.1 200 OK"
2025-11-06 16:36:25,133 - httpx - INFO - HTTP Request: POST https://api.telegram.org/bot8449508190:AAEz7J1fULcdRSlq7btjqBpMBRkKV0vostY/getUpdates "HTTP/1.1 200 OK"
2025-11-06 16:36:35,238 - httpx - INFO - HTTP Request: POST https://api.telegram.org/bot8449508190:AAEz7J1fULcdRSlq7btjqBpMBRkKV0vostY/getUpdates "HTTP/1.1 200 OK"
2025-11-06 16:36:45,345 - httpx - INFO - HTTP Request: POST https://api.telegram.org/bot8449508190:AAEz7J1fULcdRSlq7btjqBpMBRkKV0vostY/getUpdates "HTTP/1.1 200 OK"
2025-11-06 16:36:55,453 - httpx - INFO - HTTP Request: POST https://api.telegram.org/bot8449508190:AAEz7J1fULcdRSlq7btjqBpMBRkKV0vostY/getUpdates "HTTP/1.1 200 OK"
2025-11-06 16:37:05,560 - httpx - INFO - HTTP Request: POST https://api.telegram.org/bot8449508190:AAEz7J1fULcdRSlq7btjqBpMBRkKV0vostY/getUpdates "HTTP/1.1 200 OK"
2025-11-06 16:37:15,667 - httpx - INFO - HTTP Request: POST https://api.telegram.org/bot8449508190:AAEz7J1fULcdRSlq7btjqBpMBRkKV0vostY/getUpdates "HTTP/1.1 200 OK"
2025-11-06 16:37:25,776 - httpx - INFO - HTTP Request: POST https://api.telegram.org/bot8449508190:AAEz7J1fULcdRSlq7btjqBpMBRkKV0vostY/getUpdates "HTTP/1.1 200 OK"
2025-11-06 16:37:35,885 - httpx - INFO - HTTP Request: POST https://api.telegram.org/bot8449508190:AAEz7J1fULcdRSlq7btjqBpMBRkKV0vostY/getUpdates "HTTP/1.1 200 OK"
2025-11-06 16:37:45,993 - httpx - INFO - HTTP Request: POST https://api.telegram.org/bot8449508190:AAEz7J1fULcdRSlq7btjqBpMBRkKV0vostY/getUpdates "HTTP/1.1 200 OK"
2025-11-06 16:37:56,102 - httpx - INFO - HTTP Request: POST https://api.telegram.org/bot8449508190:AAEz7J1fULcdRSlq7btjqBpMBRkKV0vostY/getUpdates "HTTP/1.1 200 OK"
2025-11-06 16:38:06,207 - httpx - INFO - HTTP Request: POST https://api.telegram.org/bot8449508190:AAEz7J1fULcdRSlq7btjqBpMBRkKV0vostY/getUpdates "HTTP/1.1 200 OK"
2025-11-06 16:38:16,317 - httpx - INFO - HTTP Request: POST https://api.telegram.org/bot8449508190:AAEz7J1fULcdRSlq7btjqBpMBRkKV0vostY/getUpdates "HTTP/1.1 200 OK"
2025-11-06 16:38:26,427 - httpx - INFO - HTTP Request: POST https://api.telegram.org/bot8449508190:AAEz7J1fULcdRSlq7btjqBpMBRkKV0vostY/getUpdates "HTTP/1.1 200 OK"
2025-11-06 16:38:36,533 - httpx - INFO - HTTP Request: POST https://api.telegram.org/bot8449508190:AAEz7J1fULcdRSlq7btjqBpMBRkKV0vostY/getUpdates "HTTP/1.1 200 OK"
2025-11-06 16:38:46,640 - httpx - INFO - HTTP Request: POST https://api.telegram.org/bot8449508190:AAEz7J1fULcdRSlq7btjqBpMBRkKV0vostY/getUpdates "HTTP/1.1 200 OK"
2025-11-06 16:38:56,746 - httpx - INFO - HTTP Request: POST https://api.telegram.org/bot8449508190:AAEz7J1fULcdRSlq7btjqBpMBRkKV0vostY/getUpdates "HTTP/1.1 200 OK"
2025-11-06 16:39:34,192 - httpx - INFO - HTTP Request: POST https://api.telegram.org/bot8449508190:AAEz7J1fULcdRSlq7btjqBpMBRkKV0vostY/getUpdates "HTTP/1.1 200 OK"
2025-11-06 16:39:44,294 - httpx - INFO - HTTP Request: POST https://api.telegram.org/bot8449508190:AAEz7J1fULcdRSlq7btjqBpMBRkKV0vostY/getUpdates "HTTP/1.1 200 OK"
2025-11-06 16:39:54,397 - httpx - INFO - HTTP Request: POST https://api.telegram.org/bot8449508190:AAEz7J1fULcdRSlq7btjqBpMBRkKV0vostY/getUpdates "HTTP/1.1 200 OK"
2025-11-06 16:40:04,500 - httpx - INFO - HTTP Request: POST https://api.telegram.org/bot8449508190:AAEz7J1fULcdRSlq7btjqBpMBRkKV0vostY/getUpdates "HTTP/1.1 200 OK"
2025-11-06 16:40:14,601 - httpx - INFO - HTTP Request: POST https://api.telegram.org/bot8449508190:AAEz7J1fULcdRSlq7btjqBpMBRkKV0vostY/getUpdates "HTTP/1.1 200 OK"
2025-11-06 16:40:24,704 - httpx - INFO - HTTP Request: POST https://api.telegram.org/bot8449508190:AAEz7J1fULcdRSlq7btjqBpMBRkKV0vostY/getUpdates "HTTP/1.1 200 OK"
2025-11-06 16:40:34,811 - httpx - INFO - HTTP Request: POST https://api.telegram.org/bot8449508190:AAEz7J1fULcdRSlq7btjqBpMBRkKV0vostY/getUpdates "HTTP/1.1 200 OK"
2025-11-06 16:40:44,918 - httpx - INFO - HTTP Request: POST https://api.telegram.org/bot8449508190:AAEz7J1fULcdRSlq7btjqBpMBRkKV0vostY/getUpdates "HTTP/1.1 200 OK"
2025-11-06 16:40:55,020 - httpx - INFO - HTTP Request: POST https://api.telegram.org/bot8449508190:AAEz7J1fULcdRSlq7btjqBpMBRkKV0vostY/getUpdates "HTTP/1.1 200 OK"
2025-11-06 16:41:05,123 - httpx - INFO - HTTP Request: POST https://api.telegram.org/bot8449508190:AAEz7J1fULcdRSlq7btjqBpMBRkKV0vostY/getUpdates "HTTP/1.1 200 OK"
2025-11-06 16:41:15,232 - httpx - INFO - HTTP Request: POST https://api.telegram.org/bot8449508190:AAEz7J1fULcdRSlq7btjqBpMBRkKV0vostY/getUpdates "HTTP/1.1 200 OK"
2025-11-06 16:41:25,338 - httpx - INFO - HTTP Request: POST https://api.telegram.org/bot8449508190:AAEz7J1fULcdRSlq7btjqBpMBRkKV0vostY/getUpdates "HTTP/1.1 200 OK"
2025-11-06 16:41:35,440 - httpx - INFO - HTTP Request: POST https://api.telegram.org/bot8449508190:AAEz7J1fULcdRSlq7btjqBpMBRkKV0vostY/getUpdates "HTTP/1.1 200 OK"
2025-11-06 16:41:45,543 - httpx - INFO - HTTP Request: POST https://api.telegram.org/bot8449508190:AAEz7J1fULcdRSlq7btjqBpMBRkKV0vostY/getUpdates "HTTP/1.1 200 OK"
2025-11-06 16:41:55,645 - httpx - INFO - HTTP Request: POST https://api.telegram.org/bot8449508190:AAEz7J1fULcdRSlq7btjqBpMBRkKV0vostY/getUpdates "HTTP/1.1 200 OK"
2025-11-06 16:42:05,747 - httpx - INFO - HTTP Request: POST https://api.telegram.org/bot8449508190:AAEz7J1fULcdRSlq7btjqBpMBRkKV0vostY/getUpdates "HTTP/1.1 200 OK"
2025-11-06 16:42:15,859 - httpx - INFO - HTTP Request: POST https://api.telegram.org/bot8449508190:AAEz7J1fULcdRSlq7btjqBpMBRkKV0vostY/getUpdates "HTTP/1.1 200 OK"
2025-11-06 16:42:26,183 - httpx - INFO - HTTP Request: POST https://api.telegram.org/bot8449508190:AAEz7J1fULcdRSlq7btjqBpMBRkKV0vostY/getUpdates "HTTP/1.1 200 OK"
2025-11-06 16:42:36,287 - httpx - INFO - HTTP Request: POST https://api.telegram.org/bot8449508190:AAEz7J1fULcdRSlq7btjqBpMBRkKV0vostY/getUpdates "HTTP/1.1 200 OK"
2025-11-06 16:42:46,389 - httpx - INFO - HTTP Request: POST https://api.telegram.org/bot8449508190:AAEz7J1fULcdRSlq7btjqBpMBRkKV0vostY/getUpdates "HTTP/1.1 200 OK"
2025-11-06 16:42:56,495 - httpx - INFO - HTTP Request: POST https://api.telegram.org/bot8449508190:AAEz7J1fULcdRSlq7btjqBpMBRkKV0vostY/getUpdates "HTTP/1.1 200 OK"
2025-11-06 16:43:06,598 - httpx - INFO - HTTP Request: POST https://api.telegram.org/bot8449508190:AAEz7J1fULcdRSlq7btjqBpMBRkKV0vostY/getUpdates "HTTP/1.1 200 OK"
2025-11-06 16:43:16,703 - httpx - INFO - HTTP Request: POST https://api.telegram.org/bot8449508190:AAEz7J1fULcdRSlq7btjqBpMBRkKV0vostY/getUpdates "HTTP/1.1 200 OK"
2025-11-06 16:43:26,809 - httpx - INFO - HTTP Request: POST https://api.telegram.org/bot8449508190:AAEz7J1fULcdRSlq7btjqBpMBRkKV0vostY/getUpdates "HTTP/1.1 200 OK"
2025-11-06 16:43:36,914 - httpx - INFO - HTTP Request: POST https://api.telegram.org/bot8449508190:AAEz7J1fULcdRSlq7btjqBpMBRkKV0vostY/getUpdates "HTTP/1.1 200 OK"
2025-11-06 16:43:47,020 - httpx - INFO - HTTP Request: POST https://api.telegram.org/bot8449508190:AAEz7J1fULcdRSlq7btjqBpMBRkKV0vostY/getUpdates "HTTP/1.1 200 OK"
2025-11-06 16:43:57,127 - httpx - INFO - HTTP Request: POST https://api.telegram.org/bot8449508190:AAEz7J1fULcdRSlq7btjqBpMBRkKV0vostY/getUpdates "HTTP/1.1 200 OK"
2025-11-06 16:44:07,273 - httpx - INFO - HTTP Request: POST https://api.telegram.org/bot8449508190:AAEz7J1fULcdRSlq7btjqBpMBRkKV0vostY/getUpdates "HTTP/1.1 200 OK"
2025-11-06 16:44:17,390 - httpx - INFO - HTTP Request: POST https://api.telegram.org/bot8449508190:AAEz7J1fULcdRSlq7btjqBpMBRkKV0vostY/getUpdates "HTTP/1.1 200 OK"
2025-11-06 16:44:27,493 - httpx - INFO - HTTP Request: POST https://api.telegram.org/bot8449508190:AAEz7J1fULcdRSlq7btjqBpMBRkKV0vostY/getUpdates "HTTP/1.1 200 OK"
2025-11-06 16:44:37,607 - httpx - INFO - HTTP Request: POST https://api.telegram.org/bot8449508190:AAEz7J1fULcdRSlq7btjqBpMBRkKV0vostY/getUpdates "HTTP/1.1 200 OK"
2025-11-06 16:44:47,711 - httpx - INFO - HTTP Request: POST https://api.telegram.org/bot8449508190:AAEz7J1fULcdRSlq7btjqBpMBRkKV0vostY/getUpdates "HTTP/1.1 200 OK"
2025-11-06 16:44:57,931 - httpx - INFO - HTTP Request: POST https://api.telegram.org/bot8449508190:AAEz7J1fULcdRSlq7btjqBpMBRkKV0vostY/getUpdates "HTTP/1.1 200 OK"
2025-11-06 16:45:08,038 - httpx - INFO - HTTP Request: POST https://api.telegram.org/bot8449508190:AAEz7J1fULcdRSlq7btjqBpMBRkKV0vostY/getUpdates "HTTP/1.1 200 OK"
2025-11-06 16:45:18,143 - httpx - INFO - HTTP Request: POST https://api.telegram.org/bot8449508190:AAEz7J1fULcdRSlq7btjqBpMBRkKV0vostY/getUpdates "HTTP/1.1 200 OK"
2025-11-06 16:45:28,246 - httpx - INFO - HTTP Request: POST https://api.telegram.org/bot8449508190:AAEz7J1fULcdRSlq7btjqBpMBRkKV0vostY/getUpdates "HTTP/1.1 200 OK"
2025-11-06 16:45:38,350 - httpx - INFO - HTTP Request: POST https://api.telegram.org/bot8449508190:AAEz7J1fULcdRSlq7btjqBpMBRkKV0vostY/getUpdates "HTTP/1.1 200 OK"
2025-11-06 16:45:48,454 - httpx - INFO - HTTP Request: POST https://api.telegram.org/bot8449508190:AAEz7J1fULcdRSlq7btjqBpMBRkKV0vostY/getUpdates "HTTP/1.1 200 OK"
2025-11-06 16:45:58,594 - httpx - INFO - HTTP Request: POST https://api.telegram.org/bot8449508190:AAEz7J1fULcdRSlq7btjqBpMBRkKV0vostY/getUpdates "HTTP/1.1 200 OK"
2025-11-06 16:46:08,698 - httpx - INFO - HTTP Request: POST https://api.telegram.org/bot8449508190:AAEz7J1fULcdRSlq7btjqBpMBRkKV0vostY/getUpdates "HTTP/1.1 200 OK"
2025-11-06 16:46:18,804 - httpx - INFO - HTTP Request: POST https://api.telegram.org/bot8449508190:AAEz7J1fULcdRSlq7btjqBpMBRkKV0vostY/getUpdates "HTTP/1.1 200 OK"
2025-11-06 16:46:28,919 - httpx - INFO - HTTP Request: POST https://api.telegram.org/bot8449508190:AAEz7J1fULcdRSlq7btjqBpMBRkKV0vostY/getUpdates "HTTP/1.1 200 OK"
2025-11-06 16:46:39,024 - httpx - INFO - HTTP Request: POST https://api.telegram.org/bot8449508190:AAEz7J1fULcdRSlq7btjqBpMBRkKV0vostY/getUpdates "HTTP/1.1 200 OK"
2025-11-06 16:46:49,129 - httpx - INFO - HTTP Request: POST https://api.telegram.org/bot8449508190:AAEz7J1fULcdRSlq7btjqBpMBRkKV0vostY/getUpdates "HTTP/1.1 200 OK"
2025-11-06 16:46:59,234 - httpx - INFO - HTTP Request: POST https://api.telegram.org/bot8449508190:AAEz7J1fULcdRSlq7btjqBpMBRkKV0vostY/getUpdates "HTTP/1.1 200 OK"
2025-11-06 16:47:09,339 - httpx - INFO - HTTP Request: POST https://api.telegram.org/bot8449508190:AAEz7J1fULcdRSlq7btjqBpMBRkKV0vostY/getUpdates "HTTP/1.1 200 OK"
2025-11-06 16:47:19,445 - httpx - INFO - HTTP Request: POST https://api.telegram.org/bot8449508190:AAEz7J1fULcdRSlq7btjqBpMBRkKV0vostY/getUpdates "HTTP/1.1 200 OK"
2025-11-06 16:47:29,555 - httpx - INFO - HTTP Request: POST https://api.telegram.org/bot8449508190:AAEz7J1fULcdRSlq7btjqBpMBRkKV0vostY/getUpdates "HTTP/1.1 200 OK"
2025-11-06 16:47:39,662 - httpx - INFO - HTTP Request: POST https://api.telegram.org/bot8449508190:AAEz7J1fULcdRSlq7btjqBpMBRkKV0vostY/getUpdates "HTTP/1.1 200 OK"
2025-11-06 16:47:49,767 - httpx - INFO - HTTP Request: POST https://api.telegram.org/bot8449508190:AAEz7J1fULcdRSlq7btjqBpMBRkKV0vostY/getUpdates "HTTP/1.1 200 OK"
2025-11-06 16:47:59,871 - httpx - INFO - HTTP Request: POST https://api.telegram.org/bot8449508190:AAEz7J1fULcdRSlq7btjqBpMBRkKV0vostY/getUpdates "HTTP/1.1 200 OK"
2025-11-06 16:48:09,988 - httpx - INFO - HTTP Request: POST https://api.telegram.org/bot8449508190:AAEz7J1fULcdRSlq7btjqBpMBRkKV0vostY/getUpdates "HTTP/1.1 200 OK"
2025-11-06 16:48:20,093 - httpx - INFO - HTTP Request: POST https://api.telegram.org/bot8449508190:AAEz7J1fULcdRSlq7btjqBpMBRkKV0vostY/getUpdates "HTTP/1.1 200 OK"
2025-11-06 16:48:30,200 - httpx - INFO - HTTP Request: POST https://api.telegram.org/bot8449508190:AAEz7J1fULcdRSlq7btjqBpMBRkKV0vostY/getUpdates "HTTP/1.1 200 OK"
2025-11-06 16:48:40,303 - httpx - INFO - HTTP Request: POST https://api.telegram.org/bot8449508190:AAEz7J1fULcdRSlq7btjqBpMBRkKV0vostY/getUpdates "HTTP/1.1 200 OK"
2025-11-06 16:48:50,408 - httpx - INFO - HTTP Request: POST https://api.telegram.org/bot8449508190:AAEz7J1fULcdRSlq7btjqBpMBRkKV0vostY/getUpdates "HTTP/1.1 200 OK"
2025-11-06 16:49:00,516 - httpx - INFO - HTTP Request: POST https://api.telegram.org/bot8449508190:AAEz7J1fULcdRSlq7btjqBpMBRkKV0vostY/getUpdates "HTTP/1.1 200 OK"
2025-11-06 16:49:10,624 - httpx - INFO - HTTP Request: POST https://api.telegram.org/bot8449508190:AAEz7J1fULcdRSlq7btjqBpMBRkKV0vostY/getUpdates "HTTP/1.1 200 OK"
2025-11-06 16:49:20,767 - httpx - INFO - HTTP Request: POST https://api.telegram.org/bot8449508190:AAEz7J1fULcdRSlq7btjqBpMBRkKV0vostY/getUpdates "HTTP/1.1 200 OK"
2025-11-06 16:49:30,873 - httpx - INFO - HTTP Request: POST https://api.telegram.org/bot8449508190:AAEz7J1fULcdRSlq7btjqBpMBRkKV0vostY/getUpdates "HTTP/1.1 200 OK"
2025-11-06 16:49:40,981 - httpx - INFO - HTTP Request: POST https://api.telegram.org/bot8449508190:AAEz7J1fULcdRSlq7btjqBpMBRkKV0vostY/getUpdates "HTTP/1.1 200 OK"
2025-11-06 16:49:51,087 - httpx - INFO - HTTP Request: POST https://api.telegram.org/bot8449508190:AAEz7J1fULcdRSlq7btjqBpMBRkKV0vostY/getUpdates "HTTP/1.1 200 OK"
2025-11-06 16:50:01,205 - httpx - INFO - HTTP Request: POST https://api.telegram.org/bot8449508190:AAEz7J1fULcdRSlq7btjqBpMBRkKV0vostY/getUpdates "HTTP/1.1 200 OK"
2025-11-06 16:50:11,319 - httpx - INFO - HTTP Request: POST https://api.telegram.org/bot8449508190:AAEz7J1fULcdRSlq7btjqBpMBRkKV0vostY/getUpdates "HTTP/1.1 200 OK"
2025-11-06 16:50:21,426 - httpx - INFO - HTTP Request: POST https://api.telegram.org/bot8449508190:AAEz7J1fULcdRSlq7btjqBpMBRkKV0vostY/getUpdates "HTTP/1.1 200 OK"
2025-11-06 16:50:31,535 - httpx - INFO - HTTP Request: POST https://api.telegram.org/bot8449508190:AAEz7J1fULcdRSlq7btjqBpMBRkKV0vostY/getUpdates "HTTP/1.1 200 OK"
2025-11-06 16:50:41,641 - httpx - INFO - HTTP Request: POST https://api.telegram.org/bot8449508190:AAEz7J1fULcdRSlq7btjqBpMBRkKV0vostY/getUpdates "HTTP/1.1 200 OK"
2025-11-06 16:50:51,744 - httpx - INFO - HTTP Request: POST https://api.telegram.org/bot8449508190:AAEz7J1fULcdRSlq7btjqBpMBRkKV0vostY/getUpdates "HTTP/1.1 200 OK"
2025-11-06 16:51:01,848 - httpx - INFO - HTTP Request: POST https://api.telegram.org/bot8449508190:AAEz7J1fULcdRSlq7btjqBpMBRkKV0vostY/getUpdates "HTTP/1.1 200 OK"
2025-11-06 16:51:11,953 - httpx - INFO - HTTP Request: POST https://api.telegram.org/bot8449508190:AAEz7J1fULcdRSlq7btjqBpMBRkKV0vostY/getUpdates "HTTP/1.1 200 OK"
2025-11-06 16:51:22,061 - httpx - INFO - HTTP Request: POST https://api.telegram.org/bot8449508190:AAEz7J1fULcdRSlq7btjqBpMBRkKV0vostY/getUpdates "HTTP/1.1 200 OK"
2025-11-06 16:51:32,178 - httpx - INFO - HTTP Request: POST https://api.telegram.org/bot8449508190:AAEz7J1fULcdRSlq7btjqBpMBRkKV0vostY/getUpdates "HTTP/1.1 200 OK"
2025-11-06 16:51:42,281 - httpx - INFO - HTTP Request: POST https://api.telegram.org/bot8449508190:AAEz7J1fULcdRSlq7btjqBpMBRkKV0vostY/getUpdates "HTTP/1.1 200 OK"
2025-11-06 16:51:52,387 - httpx - INFO - HTTP Request: POST https://api.telegram.org/bot8449508190:AAEz7J1fULcdRSlq7btjqBpMBRkKV0vostY/getUpdates "HTTP/1.1 200 OK"
2025-11-06 16:52:02,493 - httpx - INFO - HTTP Request: POST https://api.telegram.org/bot8449508190:AAEz7J1fULcdRSlq7btjqBpMBRkKV0vostY/getUpdates "HTTP/1.1 200 OK"
2025-11-06 16:52:12,605 - httpx - INFO - HTTP Request: POST https://api.telegram.org/bot8449508190:AAEz7J1fULcdRSlq7btjqBpMBRkKV0vostY/getUpdates "HTTP/1.1 200 OK"
2025-11-06 16:52:22,708 - httpx - INFO - HTTP Request: POST https://api.telegram.org/bot8449508190:AAEz7J1fULcdRSlq7btjqBpMBRkKV0vostY/getUpdates "HTTP/1.1 200 OK"
2025-11-06 16:52:32,810 - httpx - INFO - HTTP Request: POST https://api.telegram.org/bot8449508190:AAEz7J1fULcdRSlq7btjqBpMBRkKV0vostY/getUpdates "HTTP/1.1 200 OK"
2025-11-06 16:52:42,913 - httpx - INFO - HTTP Request: POST https://api.telegram.org/bot8449508190:AAEz7J1fULcdRSlq7btjqBpMBRkKV0vostY/getUpdates "HTTP/1.1 200 OK"
2025-11-06 16:52:53,024 - httpx - INFO - HTTP Request: POST https://api.telegram.org/bot8449508190:AAEz7J1fULcdRSlq7btjqBpMBRkKV0vostY/getUpdates "HTTP/1.1 200 OK"
2025-11-06 16:53:03,128 - httpx - INFO - HTTP Request: POST https://api.telegram.org/bot8449508190:AAEz7J1fULcdRSlq7btjqBpMBRkKV0vostY/getUpdates "HTTP/1.1 200 OK"
2025-11-06 16:53:13,236 - httpx - INFO - HTTP Request: POST https://api.telegram.org/bot8449508190:AAEz7J1fULcdRSlq7btjqBpMBRkKV0vostY/getUpdates "HTTP/1.1 200 OK"
2025-11-06 16:53:23,339 - httpx - INFO - HTTP Request: POST https://api.telegram.org/bot8449508190:AAEz7J1fULcdRSlq7btjqBpMBRkKV0vostY/getUpdates "HTTP/1.1 200 OK"
2025-11-06 16:53:33,443 - httpx - INFO - HTTP Request: POST https://api.telegram.org/bot8449508190:AAEz7J1fULcdRSlq7btjqBpMBRkKV0vostY/getUpdates "HTTP/1.1 200 OK"
2025-11-06 16:53:43,548 - httpx - INFO - HTTP Request: POST https://api.telegram.org/bot8449508190:AAEz7J1fULcdRSlq7btjqBpMBRkKV0vostY/getUpdates "HTTP/1.1 200 OK"
2025-11-06 16:53:53,654 - httpx - INFO - HTTP Request: POST https://api.telegram.org/bot8449508190:AAEz7J1fULcdRSlq7btjqBpMBRkKV0vostY/getUpdates "HTTP/1.1 200 OK"
2025-11-06 16:54:03,759 - httpx - INFO - HTTP Request: POST https://api.telegram.org/bot8449508190:AAEz7J1fULcdRSlq7btjqBpMBRkKV0vostY/getUpdates "HTTP/1.1 200 OK"
2025-11-06 16:54:13,865 - httpx - INFO - HTTP Request: POST https://api.telegram.org/bot8449508190:AAEz7J1fULcdRSlq7btjqBpMBRkKV0vostY/getUpdates "HTTP/1.1 200 OK"
2025-11-06 16:54:23,971 - httpx - INFO - HTTP Request: POST https://api.telegram.org/bot8449508190:AAEz7J1fULcdRSlq7btjqBpMBRkKV0vostY/getUpdates "HTTP/1.1 200 OK"
2025-11-06 16:54:34,076 - httpx - INFO - HTTP Request: POST https://api.telegram.org/bot8449508190:AAEz7J1fULcdRSlq7btjqBpMBRkKV0vostY/getUpdates "HTTP/1.1 200 OK"
2025-11-06 16:54:44,191 - httpx - INFO - HTTP Request: POST https://api.telegram.org/bot8449508190:AAEz7J1fULcdRSlq7btjqBpMBRkKV0vostY/getUpdates "HTTP/1.1 200 OK"
2025-11-06 16:54:54,320 - httpx - INFO - HTTP Request: POST https://api.telegram.org/bot8449508190:AAEz7J1fULcdRSlq7btjqBpMBRkKV0vostY/getUpdates "HTTP/1.1 200 OK"
2025-11-06 16:55:04,452 - httpx - INFO - HTTP Request: POST https://api.telegram.org/bot8449508190:AAEz7J1fULcdRSlq7btjqBpMBRkKV0vostY/getUpdates "HTTP/1.1 200 OK"
2025-11-06 16:55:14,578 - httpx - INFO - HTTP Request: POST https://api.telegram.org/bot8449508190:AAEz7J1fULcdRSlq7btjqBpMBRkKV0vostY/getUpdates "HTTP/1.1 200 OK"
2025-11-06 16:55:24,698 - httpx - INFO - HTTP Request: POST https://api.telegram.org/bot8449508190:AAEz7J1fULcdRSlq7btjqBpMBRkKV0vostY/getUpdates "HTTP/1.1 200 OK"
2025-11-06 16:55:34,825 - httpx - INFO - HTTP Request: POST https://api.telegram.org/bot8449508190:AAEz7J1fULcdRSlq7btjqBpMBRkKV0vostY/getUpdates "HTTP/1.1 200 OK"
2025-11-06 16:55:44,930 - httpx - INFO - HTTP Request: POST https://api.telegram.org/bot8449508190:AAEz7J1fULcdRSlq7btjqBpMBRkKV0vostY/getUpdates "HTTP/1.1 200 OK"
2025-11-06 16:55:55,035 - httpx - INFO - HTTP Request: POST https://api.telegram.org/bot8449508190:AAEz7J1fULcdRSlq7btjqBpMBRkKV0vostY/getUpdates "HTTP/1.1 200 OK"
2025-11-06 16:56:05,141 - httpx - INFO - HTTP Request: POST https://api.telegram.org/bot8449508190:AAEz7J1fULcdRSlq7btjqBpMBRkKV0vostY/getUpdates "HTTP/1.1 200 OK"
2025-11-06 16:56:15,247 - httpx - INFO - HTTP Request: POST https://api.telegram.org/bot8449508190:AAEz7J1fULcdRSlq7btjqBpMBRkKV0vostY/getUpdates "HTTP/1.1 200 OK"
2025-11-06 16:56:25,692 - httpx - INFO - HTTP Request: POST https://api.telegram.org/bot8449508190:AAEz7J1fULcdRSlq7btjqBpMBRkKV0vostY/getUpdates "HTTP/1.1 200 OK"
2025-11-06 16:56:35,824 - httpx - INFO - HTTP Request: POST https://api.telegram.org/bot8449508190:AAEz7J1fULcdRSlq7btjqBpMBRkKV0vostY/getUpdates "HTTP/1.1 200 OK"
2025-11-06 16:56:45,931 - httpx - INFO - HTTP Request: POST https://api.telegram.org/bot8449508190:AAEz7J1fULcdRSlq7btjqBpMBRkKV0vostY/getUpdates "HTTP/1.1 200 OK"
2025-11-06 16:56:56,037 - httpx - INFO - HTTP Request: POST https://api.telegram.org/bot8449508190:AAEz7J1fULcdRSlq7btjqBpMBRkKV0vostY/getUpdates "HTTP/1.1 200 OK"
2025-11-06 16:57:06,144 - httpx - INFO - HTTP Request: POST https://api.telegram.org/bot8449508190:AAEz7J1fULcdRSlq7btjqBpMBRkKV0vostY/getUpdates "HTTP/1.1 200 OK"
2025-11-06 16:57:16,250 - httpx - INFO - HTTP Request: POST https://api.telegram.org/bot8449508190:AAEz7J1fULcdRSlq7btjqBpMBRkKV0vostY/getUpdates "HTTP/1.1 200 OK"
2025-11-06 16:57:26,356 - httpx - INFO - HTTP Request: POST https://api.telegram.org/bot8449508190:AAEz7J1fULcdRSlq7btjqBpMBRkKV0vostY/getUpdates "HTTP/1.1 200 OK"
2025-11-06 16:57:36,460 - httpx - INFO - HTTP Request: POST https://api.telegram.org/bot8449508190:AAEz7J1fULcdRSlq7btjqBpMBRkKV0vostY/getUpdates "HTTP/1.1 200 OK"
2025-11-06 16:57:46,567 - httpx - INFO - HTTP Request: POST https://api.telegram.org/bot8449508190:AAEz7J1fULcdRSlq7btjqBpMBRkKV0vostY/getUpdates "HTTP/1.1 200 OK"
2025-11-06 16:57:56,674 - httpx - INFO - HTTP Request: POST https://api.telegram.org/bot8449508190:AAEz7J1fULcdRSlq7btjqBpMBRkKV0vostY/getUpdates "HTTP/1.1 200 OK"
2025-11-06 16:58:06,780 - httpx - INFO - HTTP Request: POST https://api.telegram.org/bot8449508190:AAEz7J1fULcdRSlq7btjqBpMBRkKV0vostY/getUpdates "HTTP/1.1 200 OK"
2025-11-06 16:58:16,889 - httpx - INFO - HTTP Request: POST https://api.telegram.org/bot8449508190:AAEz7J1fULcdRSlq7btjqBpMBRkKV0vostY/getUpdates "HTTP/1.1 200 OK"
2025-11-06 16:58:26,993 - httpx - INFO - HTTP Request: POST https://api.telegram.org/bot8449508190:AAEz7J1fULcdRSlq7btjqBpMBRkKV0vostY/getUpdates "HTTP/1.1 200 OK"
2025-11-06 16:58:37,099 - httpx - INFO - HTTP Request: POST https://api.telegram.org/bot8449508190:AAEz7J1fULcdRSlq7btjqBpMBRkKV0vostY/getUpdates "HTTP/1.1 200 OK"
2025-11-06 16:58:47,213 - httpx - INFO - HTTP Request: POST https://api.telegram.org/bot8449508190:AAEz7J1fULcdRSlq7btjqBpMBRkKV0vostY/getUpdates "HTTP/1.1 200 OK"
2025-11-06 16:58:57,317 - httpx - INFO - HTTP Request: POST https://api.telegram.org/bot8449508190:AAEz7J1fULcdRSlq7btjqBpMBRkKV0vostY/getUpdates "HTTP/1.1 200 OK"
2025-11-06 16:59:07,429 - httpx - INFO - HTTP Request: POST https://api.telegram.org/bot8449508190:AAEz7J1fULcdRSlq7btjqBpMBRkKV0vostY/getUpdates "HTTP/1.1 200 OK"
2025-11-06 16:59:17,537 - httpx - INFO - HTTP Request: POST https://api.telegram.org/bot8449508190:AAEz7J1fULcdRSlq7btjqBpMBRkKV0vostY/getUpdates "HTTP/1.1 200 OK"
2025-11-06 16:59:27,644 - httpx - INFO - HTTP Request: POST https://api.telegram.org/bot8449508190:AAEz7J1fULcdRSlq7btjqBpMBRkKV0vostY/getUpdates "HTTP/1.1 200 OK"
2025-11-06 16:59:37,754 - httpx - INFO - HTTP Request: POST https://api.telegram.org/bot8449508190:AAEz7J1fULcdRSlq7btjqBpMBRkKV0vostY/getUpdates "HTTP/1.1 200 OK"
2025-11-06 16:59:47,861 - httpx - INFO - HTTP Request: POST https://api.telegram.org/bot8449508190:AAEz7J1fULcdRSlq7btjqBpMBRkKV0vostY/getUpdates "HTTP/1.1 200 OK"
2025-11-06 16:59:57,968 - httpx - INFO - HTTP Request: POST https://api.telegram.org/bot8449508190:AAEz7J1fULcdRSlq7btjqBpMBRkKV0vostY/getUpdates "HTTP/1.1 200 OK"
2025-11-06 17:00:08,078 - httpx - INFO - HTTP Request: POST https://api.telegram.org/bot8449508190:AAEz7J1fULcdRSlq7btjqBpMBRkKV0vostY/getUpdates "HTTP/1.1 200 OK"
2025-11-06 17:00:18,186 - httpx - INFO - HTTP Request: POST https://api.telegram.org/bot8449508190:AAEz7J1fULcdRSlq7btjqBpMBRkKV0vostY/getUpdates "HTTP/1.1 200 OK"
2025-11-06 17:00:28,289 - httpx - INFO - HTTP Request: POST https://api.telegram.org/bot8449508190:AAEz7J1fULcdRSlq7btjqBpMBRkKV0vostY/getUpdates "HTTP/1.1 200 OK"
2025-11-06 17:00:38,393 - httpx - INFO - HTTP Request: POST https://api.telegram.org/bot8449508190:AAEz7J1fULcdRSlq7btjqBpMBRkKV0vostY/getUpdates "HTTP/1.1 200 OK"
2025-11-06 17:00:48,498 - httpx - INFO - HTTP Request: POST https://api.telegram.org/bot8449508190:AAEz7J1fULcdRSlq7btjqBpMBRkKV0vostY/getUpdates "HTTP/1.1 200 OK"
2025-11-06 17:00:58,670 - httpx - INFO - HTTP Request: POST https://api.telegram.org/bot8449508190:AAEz7J1fULcdRSlq7btjqBpMBRkKV0vostY/getUpdates "HTTP/1.1 200 OK"
2025-11-06 17:01:08,776 - httpx - INFO - HTTP Request: POST https://api.telegram.org/bot8449508190:AAEz7J1fULcdRSlq7btjqBpMBRkKV0vostY/getUpdates "HTTP/1.1 200 OK"
2025-11-06 17:01:18,881 - httpx - INFO - HTTP Request: POST https://api.telegram.org/bot8449508190:AAEz7J1fULcdRSlq7btjqBpMBRkKV0vostY/getUpdates "HTTP/1.1 200 OK"
2025-11-06 17:01:28,991 - httpx - INFO - HTTP Request: POST https://api.telegram.org/bot8449508190:AAEz7J1fULcdRSlq7btjqBpMBRkKV0vostY/getUpdates "HTTP/1.1 200 OK"
2025-11-06 17:01:39,113 - httpx - INFO - HTTP Request: POST https://api.telegram.org/bot8449508190:AAEz7J1fULcdRSlq7btjqBpMBRkKV0vostY/getUpdates "HTTP/1.1 200 OK"
2025-11-06 17:01:49,234 - httpx - INFO - HTTP Request: POST https://api.telegram.org/bot8449508190:AAEz7J1fULcdRSlq7btjqBpMBRkKV0vostY/getUpdates "HTTP/1.1 200 OK"
2025-11-06 17:01:59,338 - httpx - INFO - HTTP Request: POST https://api.telegram.org/bot8449508190:AAEz7J1fULcdRSlq7btjqBpMBRkKV0vostY/getUpdates "HTTP/1.1 200 OK"
2025-11-06 17:02:09,445 - httpx - INFO - HTTP Request: POST https://api.telegram.org/bot8449508190:AAEz7J1fULcdRSlq7btjqBpMBRkKV0vostY/getUpdates "HTTP/1.1 200 OK"
2025-11-06 17:02:19,561 - httpx - INFO - HTTP Request: POST https://api.telegram.org/bot8449508190:AAEz7J1fULcdRSlq7btjqBpMBRkKV0vostY/getUpdates "HTTP/1.1 200 OK"
2025-11-06 17:02:29,666 - httpx - INFO - HTTP Request: POST https://api.telegram.org/bot8449508190:AAEz7J1fULcdRSlq7btjqBpMBRkKV0vostY/getUpdates "HTTP/1.1 200 OK"
2025-11-06 17:02:39,773 - httpx - INFO - HTTP Request: POST https://api.telegram.org/bot8449508190:AAEz7J1fULcdRSlq7btjqBpMBRkKV0vostY/getUpdates "HTTP/1.1 200 OK"
2025-11-06 17:02:49,878 - httpx - INFO - HTTP Request: POST https://api.telegram.org/bot8449508190:AAEz7J1fULcdRSlq7btjqBpMBRkKV0vostY/getUpdates "HTTP/1.1 200 OK"
2025-11-06 17:02:59,985 - httpx - INFO - HTTP Request: POST https://api.telegram.org/bot8449508190:AAEz7J1fULcdRSlq7btjqBpMBRkKV0vostY/getUpdates "HTTP/1.1 200 OK"
2025-11-06 17:03:10,100 - httpx - INFO - HTTP Request: POST https://api.telegram.org/bot8449508190:AAEz7J1fULcdRSlq7btjqBpMBRkKV0vostY/getUpdates "HTTP/1.1 200 OK"
2025-11-06 17:03:20,205 - httpx - INFO - HTTP Request: POST https://api.telegram.org/bot8449508190:AAEz7J1fULcdRSlq7btjqBpMBRkKV0vostY/getUpdates "HTTP/1.1 200 OK"
2025-11-06 17:03:30,310 - httpx - INFO - HTTP Request: POST https://api.telegram.org/bot8449508190:AAEz7J1fULcdRSlq7btjqBpMBRkKV0vostY/getUpdates "HTTP/1.1 200 OK"
2025-11-06 17:03:40,416 - httpx - INFO - HTTP Request: POST https://api.telegram.org/bot8449508190:AAEz7J1fULcdRSlq7btjqBpMBRkKV0vostY/getUpdates "HTTP/1.1 200 OK"
2025-11-06 17:03:50,522 - httpx - INFO - HTTP Request: POST https://api.telegram.org/bot8449508190:AAEz7J1fULcdRSlq7btjqBpMBRkKV0vostY/getUpdates "HTTP/1.1 200 OK"
2025-11-06 17:04:00,626 - httpx - INFO - HTTP Request: POST https://api.telegram.org/bot8449508190:AAEz7J1fULcdRSlq7btjqBpMBRkKV0vostY/getUpdates "HTTP/1.1 200 OK"
2025-11-06 17:04:10,730 - httpx - INFO - HTTP Request: POST https://api.telegram.org/bot8449508190:AAEz7J1fULcdRSlq7btjqBpMBRkKV0vostY/getUpdates "HTTP/1.1 200 OK"
2025-11-06 17:04:20,838 - httpx - INFO - HTTP Request: POST https://api.telegram.org/bot8449508190:AAEz7J1fULcdRSlq7btjqBpMBRkKV0vostY/getUpdates "HTTP/1.1 200 OK"
2025-11-06 17:04:30,955 - httpx - INFO - HTTP Request: POST https://api.telegram.org/bot8449508190:AAEz7J1fULcdRSlq7btjqBpMBRkKV0vostY/getUpdates "HTTP/1.1 200 OK"
2025-11-06 17:04:41,064 - httpx - INFO - HTTP Request: POST https://api.telegram.org/bot8449508190:AAEz7J1fULcdRSlq7btjqBpMBRkKV0vostY/getUpdates "HTTP/1.1 200 OK"
2025-11-06 17:04:51,171 - httpx - INFO - HTTP Request: POST https://api.telegram.org/bot8449508190:AAEz7J1fULcdRSlq7btjqBpMBRkKV0vostY/getUpdates "HTTP/1.1 200 OK"
2025-11-06 17:05:01,278 - httpx - INFO - HTTP Request: POST https://api.telegram.org/bot8449508190:AAEz7J1fULcdRSlq7btjqBpMBRkKV0vostY/getUpdates "HTTP/1.1 200 OK"
2025-11-06 17:05:11,390 - httpx - INFO - HTTP Request: POST https://api.telegram.org/bot8449508190:AAEz7J1fULcdRSlq7btjqBpMBRkKV0vostY/getUpdates "HTTP/1.1 200 OK"
2025-11-06 17:05:21,498 - httpx - INFO - HTTP Request: POST https://api.telegram.org/bot8449508190:AAEz7J1fULcdRSlq7btjqBpMBRkKV0vostY/getUpdates "HTTP/1.1 200 OK"
